<?xml version="1.0" encoding="UTF-8"?>
<!-- Generated by org.testng.reporters.JUnitReportReporter -->
<testsuite skipped="0" hostname="CAA01W115" name="org.CAA.AppiumTest" tests="2" failures="0" timestamp="2019-12-14T14:12:48 EST" time="1.074" errors="0">
  <testcase name="NativeAppIOS" time="0.000" classname="org.CAA.AppiumTest"/>
  <testcase name="NativeAppAndroid" time="1.074" classname="org.CAA.AppiumTest"/>
</testsuite> <!-- org.CAA.AppiumTest -->
