<?xml version="1.0" encoding="UTF-8"?>
<!-- Generated by org.testng.reporters.JUnitReportReporter -->
<testsuite skipped="0" hostname="CAA01W115" name="org.CAA.RestAPITest" tests="2" failures="0" timestamp="2019-12-14T14:13:45 EST" time="0.003" errors="0">
  <testcase name="PostJira" time="0.001" classname="org.CAA.RestAPITest"/>
  <testcase name="deleteTwitter" time="0.002" classname="org.CAA.RestAPITest"/>
</testsuite> <!-- org.CAA.RestAPITest -->
