<?xml version="1.0" encoding="UTF-8"?>
<!-- Generated by org.testng.reporters.JUnitReportReporter -->
<testsuite skipped="0" hostname="CAA01W115" name="org.CAA.SeleniumTest" tests="2" failures="0" timestamp="2019-12-14T14:13:46 EST" time="0.999" errors="0">
  <testcase name="BrowserAutomation" time="0.997" classname="org.CAA.SeleniumTest"/>
  <testcase name="elementsUI" time="0.002" classname="org.CAA.SeleniumTest"/>
</testsuite> <!-- org.CAA.SeleniumTest -->
